# JRE version: Java(TM) SE Runtime Environment (8.0_221-b11) (build 1.8.0_221-b11)
# Java VM: Java HotSpot(TM) 64-Bit Server VM (25.221-b11 mixed mode windows-amd64 compressed oops)
Heap:
 PSYoungGen      total 57344K, used 20192K [0x0000000780600000, 0x0000000786a80000, 0x00000007c0000000)
  eden space 49152K, 32% used [0x0000000780600000,0x00000007815b04e0,0x0000000783600000)
  from space 8192K, 50% used [0x0000000783600000,0x0000000783a07c18,0x0000000783e00000)
  to   space 17408K, 0% used [0x0000000785980000,0x0000000785980000,0x0000000786a80000)
 ParOldGen       total 102400K, used 16889K [0x0000000701200000, 0x0000000707600000, 0x0000000780600000)
  object space 102400K, 16% used [0x0000000701200000,0x000000070227e478,0x0000000707600000)
 Metaspace       used 23054K, capacity 23726K, committed 24064K, reserved 1073152K
  class space    used 2790K, capacity 2967K, committed 3072K, reserved 1048576K
GC Heap History (10 events):
Event: 2.209 GC heap before
{Heap before GC invocations=2 (full 0):
 PSYoungGen      total 57344K, used 57252K [0x0000000780600000, 0x0000000784600000, 0x00000007c0000000)
  eden space 49152K, 100% used [0x0000000780600000,0x0000000783600000,0x0000000783600000)
  from space 8192K, 98% used [0x0000000783600000,0x0000000783de91f0,0x0000000783e00000)
  to   space 8192K, 0% used [0x0000000783e00000,0x0000000783e00000,0x0000000784600000)
 ParOldGen       total 131072K, used 16K [0x0000000701200000, 0x0000000709200000, 0x0000000780600000)
  object space 131072K, 0% used [0x0000000701200000,0x0000000701204000,0x0000000709200000)
 Metaspace       used 15166K, capacity 15420K, committed 15616K, reserved 1062912K
  class space    used 1876K, capacity 1949K, committed 2048K, reserved 1048576K
Event: 2.220 GC heap after
Heap after GC invocations=2 (full 0):
 PSYoungGen      total 57344K, used 8179K [0x0000000780600000, 0x0000000784600000, 0x00000007c0000000)
  eden space 49152K, 0% used [0x0000000780600000,0x0000000780600000,0x0000000783600000)
  from space 8192K, 99% used [0x0000000783e00000,0x00000007845fceb8,0x0000000784600000)
  to   space 8192K, 0% used [0x0000000783600000,0x0000000783600000,0x0000000783e00000)
 ParOldGen       total 131072K, used 1420K [0x0000000701200000, 0x0000000709200000, 0x0000000780600000)
  object space 131072K, 1% used [0x0000000701200000,0x00000007013632e0,0x0000000709200000)
 Metaspace       used 15166K, capacity 15420K, committed 15616K, reserved 1062912K
  class space    used 1876K, capacity 1949K, committed 2048K, reserved 1048576K
}
Event: 3.314 GC heap before
{Heap before GC invocations=3 (full 0):
 PSYoungGen      total 57344K, used 57331K [0x0000000780600000, 0x0000000784600000, 0x00000007c0000000)
  eden space 49152K, 100% used [0x0000000780600000,0x0000000783600000,0x0000000783600000)
  from space 8192K, 99% used [0x0000000783e00000,0x00000007845fceb8,0x0000000784600000)
  to   space 8192K, 0% used [0x0000000783600000,0x0000000783600000,0x0000000783e00000)
 ParOldGen       total 131072K, used 1420K [0x0000000701200000, 0x0000000709200000, 0x0000000780600000)
  object space 131072K, 1% used [0x0000000701200000,0x00000007013632e0,0x0000000709200000)
 Metaspace       used 17394K, capacity 17788K, committed 17920K, reserved 1064960K
  class space    used 2108K, capacity 2233K, committed 2304K, reserved 1048576K
Event: 3.321 GC heap after
Heap after GC invocations=3 (full 0):
 PSYoungGen      total 57344K, used 8176K [0x0000000780600000, 0x0000000784600000, 0x00000007c0000000)
  eden space 49152K, 0% used [0x0000000780600000,0x0000000780600000,0x0000000783600000)
  from space 8192K, 99% used [0x0000000783600000,0x0000000783dfc010,0x0000000783e00000)
  to   space 8192K, 0% used [0x0000000783e00000,0x0000000783e00000,0x0000000784600000)
 ParOldGen       total 131072K, used 2302K [0x0000000701200000, 0x0000000709200000, 0x0000000780600000)
  object space 131072K, 1% used [0x0000000701200000,0x000000070143fb70,0x0000000709200000)
 Metaspace       used 17394K, capacity 17788K, committed 17920K, reserved 1064960K
  class space    used 2108K, capacity 2233K, committed 2304K, reserved 1048576K
}
Event: 3.701 GC heap before
{Heap before GC invocations=4 (full 0):
 PSYoungGen      total 57344K, used 47597K [0x0000000780600000, 0x0000000784600000, 0x00000007c0000000)
  eden space 49152K, 80% used [0x0000000780600000,0x0000000782c7f4c8,0x0000000783600000)
  from space 8192K, 99% used [0x0000000783600000,0x0000000783dfc010,0x0000000783e00000)
  to   space 8192K, 0% used [0x0000000783e00000,0x0000000783e00000,0x0000000784600000)
 ParOldGen       total 131072K, used 2302K [0x0000000701200000, 0x0000000709200000, 0x0000000780600000)
  object space 131072K, 1% used [0x0000000701200000,0x000000070143fb70,0x0000000709200000)
 Metaspace       used 20782K, capacity 21148K, committed 21296K, reserved 1069056K
  class space    used 2536K, capacity 2649K, committed 2688K, reserved 1048576K
Event: 3.712 GC heap after
Heap after GC invocations=4 (full 0):
 PSYoungGen      total 57344K, used 8165K [0x0000000780600000, 0x0000000784600000, 0x00000007c0000000)
  eden space 49152K, 0% used [0x0000000780600000,0x0000000780600000,0x0000000783600000)
  from space 8192K, 99% used [0x0000000783e00000,0x00000007845f95c8,0x0000000784600000)
  to   space 8192K, 0% used [0x0000000783600000,0x0000000783600000,0x0000000783e00000)
 ParOldGen       total 131072K, used 11259K [0x0000000701200000, 0x0000000709200000, 0x0000000780600000)
  object space 131072K, 8% used [0x0000000701200000,0x0000000701cfec18,0x0000000709200000)
 Metaspace       used 20782K, capacity 21148K, committed 21296K, reserved 1069056K
  class space    used 2536K, capacity 2649K, committed 2688K, reserved 1048576K
}
Event: 3.712 GC heap before
{Heap before GC invocations=5 (full 1):
 PSYoungGen      total 57344K, used 8165K [0x0000000780600000, 0x0000000784600000, 0x00000007c0000000)
  eden space 49152K, 0% used [0x0000000780600000,0x0000000780600000,0x0000000783600000)
  from space 8192K, 99% used [0x0000000783e00000,0x00000007845f95c8,0x0000000784600000)
  to   space 8192K, 0% used [0x0000000783600000,0x0000000783600000,0x0000000783e00000)
 ParOldGen       total 131072K, used 11259K [0x0000000701200000, 0x0000000709200000, 0x0000000780600000)
  object space 131072K, 8% used [0x0000000701200000,0x0000000701cfec18,0x0000000709200000)
 Metaspace       used 20782K, capacity 21148K, committed 21296K, reserved 1069056K
  class space    used 2536K, capacity 2649K, committed 2688K, reserved 1048576K
Event: 3.772 GC heap after
Heap after GC invocations=5 (full 1):
 PSYoungGen      total 57344K, used 0K [0x0000000780600000, 0x0000000784600000, 0x00000007c0000000)
  eden space 49152K, 0% used [0x0000000780600000,0x0000000780600000,0x0000000783600000)
  from space 8192K, 0% used [0x0000000783e00000,0x0000000783e00000,0x0000000784600000)
  to   space 8192K, 0% used [0x0000000783600000,0x0000000783600000,0x0000000783e00000)
 ParOldGen       total 102400K, used 16881K [0x0000000701200000, 0x0000000707600000, 0x0000000780600000)
  object space 102400K, 16% used [0x0000000701200000,0x000000070227c478,0x0000000707600000)
 Metaspace       used 20782K, capacity 21148K, committed 21296K, reserved 1069056K
  class space    used 2536K, capacity 2649K, committed 2688K, reserved 1048576K
}
Event: 4.841 GC heap before
{Heap before GC invocations=6 (full 1):
 PSYoungGen      total 57344K, used 49152K [0x0000000780600000, 0x0000000784600000, 0x00000007c0000000)
  eden space 49152K, 100% used [0x0000000780600000,0x0000000783600000,0x0000000783600000)
  from space 8192K, 0% used [0x0000000783e00000,0x0000000783e00000,0x0000000784600000)
  to   space 8192K, 0% used [0x0000000783600000,0x0000000783600000,0x0000000783e00000)
 ParOldGen       total 102400K, used 16881K [0x0000000701200000, 0x0000000707600000, 0x0000000780600000)
  object space 102400K, 16% used [0x0000000701200000,0x000000070227c478,0x0000000707600000)
 Metaspace       used 22868K, capacity 23478K, committed 23680K, reserved 1071104K
  class space    used 2771K, capacity 2927K, committed 2944K, reserved 1048576K
Event: 4.845 GC heap after
Heap after GC invocations=6 (full 1):
 PSYoungGen      total 57344K, used 4127K [0x0000000780600000, 0x0000000786a80000, 0x00000007c0000000)
  eden space 49152K, 0% used [0x0000000780600000,0x0000000780600000,0x0000000783600000)
  from space 8192K, 50% used [0x0000000783600000,0x0000000783a07c18,0x0000000783e00000)
  to   space 17408K, 0% used [0x0000000785980000,0x0000000785980000,0x0000000786a80000)
 ParOldGen       total 102400K, used 16889K [0x0000000701200000, 0x0000000707600000, 0x0000000780600000)
  object space 102400K, 16% used [0x0000000701200000,0x000000070227e478,0x0000000707600000)
 Metaspace       used 22868K, capacity 23478K, committed 23680K, reserved 1071104K
  class space    used 2771K, capacity 2927K, committed 2944K, reserved 1048576K
}

